<?xml version="1.0" encoding="UTF-8"?>
<!-- Generated by org.testng.reporters.JUnitReportReporter -->
<testsuite skipped="0" hostname="RAMESHRADH" name="org.test.B" tests="3" failures="0" timestamp="11 Apr 2021 07:09:41 GMT" time="0.076" errors="0">
  <testcase name="TestA1" time="0.022" classname="org.test.B"/>
  <testcase name="TestA3" time="0.029" classname="org.test.B"/>
  <testcase name="TestA2" time="0.025" classname="org.test.B"/>
</testsuite> <!-- org.test.B -->
