<?xml version="1.0" encoding="UTF-8"?>
<!-- Generated by org.testng.reporters.JUnitReportReporter -->
<testsuite skipped="0" hostname="RAMESHRADH" name="org.test.C" tests="3" failures="0" timestamp="11 Apr 2021 07:09:41 GMT" time="0.055" errors="0">
  <testcase name="TestA3" time="0.018" classname="org.test.C"/>
  <testcase name="TestA1" time="0.018" classname="org.test.C"/>
  <testcase name="TestA2" time="0.019" classname="org.test.C"/>
</testsuite> <!-- org.test.C -->
