<?xml version="1.0" encoding="UTF-8"?>
<!-- Generated by org.testng.reporters.JUnitReportReporter -->
<testsuite skipped="0" hostname="RAMESHRADH" name="org.test.A" tests="3" failures="0" timestamp="11 Apr 2021 07:09:41 GMT" time="0.071" errors="0">
  <testcase name="TestA1" time="0.024" classname="org.test.A"/>
  <testcase name="TestA2" time="0.027" classname="org.test.A"/>
  <testcase name="TestA3" time="0.020" classname="org.test.A"/>
</testsuite> <!-- org.test.A -->
